2022-08-29 18:52:18.068 [main][854] DEBUG io.netty.util.internal.logging.InternalLoggerFactory - Using Log4J2 as the default logging framework
2022-08-29 18:52:18.071 [main][857] DEBUG io.netty.util.ResourceLeakDetector - -Dio.netty.leakDetection.level: simple
2022-08-29 18:52:18.071 [main][857] DEBUG io.netty.util.ResourceLeakDetector - -Dio.netty.leakDetection.targetRecords: 4
2022-08-29 18:52:18.073 [main][859] DEBUG io.netty.util.ResourceLeakDetectorFactory - Loaded default ResourceLeakDetector: io.netty.util.ResourceLeakDetector@60e21209
2022-08-29 18:52:18.081 [main][867] DEBUG io.netty.util.internal.PlatformDependent0 - -Dio.netty.noUnsafe: false
2022-08-29 18:52:18.081 [main][867] DEBUG io.netty.util.internal.PlatformDependent0 - Java version: 18
2022-08-29 18:52:18.081 [main][867] DEBUG io.netty.util.internal.PlatformDependent0 - sun.misc.Unsafe.theUnsafe: available
2022-08-29 18:52:18.082 [main][868] DEBUG io.netty.util.internal.PlatformDependent0 - sun.misc.Unsafe.copyMemory: available
2022-08-29 18:52:18.082 [main][868] DEBUG io.netty.util.internal.PlatformDependent0 - sun.misc.Unsafe.storeFence: available
2022-08-29 18:52:18.082 [main][868] DEBUG io.netty.util.internal.PlatformDependent0 - java.nio.Buffer.address: available
2022-08-29 18:52:18.082 [main][868] DEBUG io.netty.util.internal.PlatformDependent0 - direct buffer constructor: unavailable: Reflective setAccessible(true) disabled
2022-08-29 18:52:18.083 [main][869] DEBUG io.netty.util.internal.PlatformDependent0 - java.nio.Bits.unaligned: available, true
2022-08-29 18:52:18.083 [main][869] DEBUG io.netty.util.internal.PlatformDependent0 - jdk.internal.misc.Unsafe.allocateUninitializedArray(int): unavailable: class io.netty.util.internal.PlatformDependent0$7 cannot access class jdk.internal.misc.Unsafe (in module java.base) because module java.base does not export jdk.internal.misc to unnamed module @12efa456
2022-08-29 18:52:18.084 [main][870] DEBUG io.netty.util.internal.PlatformDependent0 - java.nio.DirectByteBuffer.<init>(long, int): unavailable
2022-08-29 18:52:18.084 [main][870] DEBUG io.netty.util.internal.PlatformDependent - sun.misc.Unsafe: available
2022-08-29 18:52:18.084 [main][870] DEBUG io.netty.util.internal.PlatformDependent - maxDirectMemory: 2147483648 bytes (maybe)
2022-08-29 18:52:18.084 [main][870] DEBUG io.netty.util.internal.PlatformDependent - -Dio.netty.tmpdir: /var/folders/dz/nktnvjm95hz7q6bq1chffsgm0000gn/T (java.io.tmpdir)
2022-08-29 18:52:18.085 [main][871] DEBUG io.netty.util.internal.PlatformDependent - -Dio.netty.bitMode: 64 (sun.arch.data.model)
2022-08-29 18:52:18.085 [main][871] DEBUG io.netty.util.internal.PlatformDependent - Platform: MacOS
2022-08-29 18:52:18.085 [main][871] DEBUG io.netty.util.internal.PlatformDependent - -Dio.netty.maxDirectMemory: -1 bytes
2022-08-29 18:52:18.085 [main][871] DEBUG io.netty.util.internal.PlatformDependent - -Dio.netty.uninitializedArrayAllocationThreshold: -1
2022-08-29 18:52:18.086 [main][872] DEBUG io.netty.util.internal.CleanerJava9 - java.nio.ByteBuffer.cleaner(): available
2022-08-29 18:52:18.086 [main][872] DEBUG io.netty.util.internal.PlatformDependent - -Dio.netty.noPreferDirect: false
2022-08-29 18:52:18.089 [main][875] DEBUG io.netty.util.internal.PlatformDependent - org.jctools-core.MpscChunkedArrayQueue: available
2022-08-29 18:52:18.097 [main][883] DEBUG io.netty.util.internal.InternalThreadLocalMap - -Dio.netty.threadLocalMap.stringBuilder.initialSize: 1024
2022-08-29 18:52:18.097 [main][883] DEBUG io.netty.util.internal.InternalThreadLocalMap - -Dio.netty.threadLocalMap.stringBuilder.maxSize: 4096
2022-08-29 18:52:18.123 [main][909] DEBUG io.netty.handler.ssl.JdkSslContext - Default protocols (JDK): [TLSv1.3, TLSv1.2] 
2022-08-29 18:52:18.123 [main][909] DEBUG io.netty.handler.ssl.JdkSslContext - Default cipher suites (JDK): [TLS_ECDHE_ECDSA_WITH_AES_256_GCM_SHA384, TLS_ECDHE_ECDSA_WITH_AES_128_GCM_SHA256, TLS_ECDHE_RSA_WITH_AES_128_GCM_SHA256, TLS_ECDHE_RSA_WITH_AES_256_GCM_SHA384, TLS_ECDHE_RSA_WITH_AES_128_CBC_SHA, TLS_ECDHE_RSA_WITH_AES_256_CBC_SHA, TLS_RSA_WITH_AES_128_GCM_SHA256, TLS_RSA_WITH_AES_128_CBC_SHA, TLS_RSA_WITH_AES_256_CBC_SHA, TLS_AES_128_GCM_SHA256, TLS_AES_256_GCM_SHA384]
2022-08-29 18:52:18.133 [main][919] DEBUG io.netty.channel.MultithreadEventLoopGroup - -Dio.netty.eventLoopThreads: 32
2022-08-29 18:52:18.137 [main][923] DEBUG io.netty.channel.nio.NioEventLoop - -Dio.netty.noKeySetOptimization: false
2022-08-29 18:52:18.137 [main][923] DEBUG io.netty.channel.nio.NioEventLoop - -Dio.netty.selectorAutoRebuildThreshold: 512
2022-08-29 18:52:18.149 [main][935] DEBUG io.netty.buffer.PooledByteBufAllocator - -Dio.netty.allocator.numHeapArenas: 32
2022-08-29 18:52:18.150 [main][936] DEBUG io.netty.buffer.PooledByteBufAllocator - -Dio.netty.allocator.numDirectArenas: 32
2022-08-29 18:52:18.150 [main][936] DEBUG io.netty.buffer.PooledByteBufAllocator - -Dio.netty.allocator.pageSize: 8192
2022-08-29 18:52:18.150 [main][936] DEBUG io.netty.buffer.PooledByteBufAllocator - -Dio.netty.allocator.maxOrder: 9
2022-08-29 18:52:18.150 [main][936] DEBUG io.netty.buffer.PooledByteBufAllocator - -Dio.netty.allocator.chunkSize: 4194304
2022-08-29 18:52:18.150 [main][936] DEBUG io.netty.buffer.PooledByteBufAllocator - -Dio.netty.allocator.smallCacheSize: 256
2022-08-29 18:52:18.150 [main][936] DEBUG io.netty.buffer.PooledByteBufAllocator - -Dio.netty.allocator.normalCacheSize: 64
2022-08-29 18:52:18.150 [main][936] DEBUG io.netty.buffer.PooledByteBufAllocator - -Dio.netty.allocator.maxCachedBufferCapacity: 32768
2022-08-29 18:52:18.150 [main][936] DEBUG io.netty.buffer.PooledByteBufAllocator - -Dio.netty.allocator.cacheTrimInterval: 8192
2022-08-29 18:52:18.150 [main][936] DEBUG io.netty.buffer.PooledByteBufAllocator - -Dio.netty.allocator.cacheTrimIntervalMillis: 0
2022-08-29 18:52:18.150 [main][936] DEBUG io.netty.buffer.PooledByteBufAllocator - -Dio.netty.allocator.useCacheForAllThreads: false
2022-08-29 18:52:18.150 [main][936] DEBUG io.netty.buffer.PooledByteBufAllocator - -Dio.netty.allocator.maxCachedByteBuffersPerChunk: 1023
2022-08-29 18:52:18.156 [main][942] DEBUG io.netty.buffer.ByteBufUtil - -Dio.netty.allocator.type: pooled
2022-08-29 18:52:18.156 [main][942] DEBUG io.netty.buffer.ByteBufUtil - -Dio.netty.threadLocalDirectBufferSize: 0
2022-08-29 18:52:18.156 [main][942] DEBUG io.netty.buffer.ByteBufUtil - -Dio.netty.maxThreadLocalCharBufferSize: 16384
2022-08-29 18:52:18.282 [Forwarding newSession on session null to remote][1068] DEBUG io.netty.channel.DefaultChannelId - -Dio.netty.processId: 6317 (auto-detected)
2022-08-29 18:52:18.283 [Forwarding newSession on session null to remote][1069] DEBUG io.netty.util.NetUtil - -Djava.net.preferIPv4Stack: false
2022-08-29 18:52:18.283 [Forwarding newSession on session null to remote][1069] DEBUG io.netty.util.NetUtil - -Djava.net.preferIPv6Addresses: false
2022-08-29 18:52:18.287 [Forwarding newSession on session null to remote][1073] DEBUG io.netty.util.NetUtilInitializations - Loopback interface: lo0 (lo0, 0:0:0:0:0:0:0:1%lo0)
2022-08-29 18:52:18.288 [Forwarding newSession on session null to remote][1074] DEBUG io.netty.util.NetUtil - Failed to get SOMAXCONN from sysctl and file /proc/sys/net/core/somaxconn. Default: 128
2022-08-29 18:52:18.290 [Forwarding newSession on session null to remote][1076] DEBUG io.netty.channel.DefaultChannelId - -Dio.netty.machineId: 88:66:5a:ff:fe:39:9c:5e (auto-detected)
2022-08-29 18:52:18.311 [AsyncHttpClient-1-2][1097] DEBUG io.netty.buffer.AbstractByteBuf - -Dio.netty.buffer.checkAccessible: true
2022-08-29 18:52:18.311 [AsyncHttpClient-1-2][1097] DEBUG io.netty.buffer.AbstractByteBuf - -Dio.netty.buffer.checkBounds: true
2022-08-29 18:52:18.311 [AsyncHttpClient-1-2][1097] DEBUG io.netty.util.ResourceLeakDetectorFactory - Loaded default ResourceLeakDetector: io.netty.util.ResourceLeakDetector@4f8d5fed
2022-08-29 18:52:18.322 [AsyncHttpClient-1-2][1108] DEBUG io.netty.util.Recycler - -Dio.netty.recycler.maxCapacityPerThread: 4096
2022-08-29 18:52:18.322 [AsyncHttpClient-1-2][1108] DEBUG io.netty.util.Recycler - -Dio.netty.recycler.ratio: 8
2022-08-29 18:52:18.322 [AsyncHttpClient-1-2][1108] DEBUG io.netty.util.Recycler - -Dio.netty.recycler.chunkSize: 32
2022-08-29 18:52:18.322 [AsyncHttpClient-1-2][1108] DEBUG io.netty.util.Recycler - -Dio.netty.recycler.blocking: false
2022-08-29 18:52:18.991 [AsyncHttpClient-1-2][1777] DEBUG io.netty.handler.codec.compression.Brotli - brotli4j not in the classpath; Brotli support will be unavailable.
2022-08-29 18:52:19.057 [main][1843] DEBUG io.netty.util.internal.ThreadLocalRandom - -Dio.netty.initialSeedUniquifier: 0x65a2c398c8a9dd8b
2022-08-29 18:52:19.084 [main][1870] INFO  automation_test.mortgage_calculator.CalculateMortgageRate - -------Test: automation_test.mortgage_calculator.CalculateMortgageRate------------
2022-08-29 18:52:19.084 [main][1870] DEBUG automation_test.mortgage_calculator.CalculateMortgageRate - Opening the URL:https://www.mortgagecalculator.org/
2022-08-29 18:52:23.542 [main][6328] INFO  utillities.SqlConnector - Successfully connected to the Database
2022-08-29 18:52:23.555 [main][6341] DEBUG page_object.Home - Typing Home Value: 300000
2022-08-29 18:52:23.642 [main][6428] DEBUG page_object.Home - Clicking on the $ radio button: 
2022-08-29 18:52:23.678 [main][6464] DEBUG page_object.Home - Typing DownPayment Value: 60000
2022-08-29 18:52:23.733 [main][6519] DEBUG page_object.Home - Typing the loan amount: 240000
2022-08-29 18:52:23.785 [main][6571] DEBUG page_object.Home - Typing the interest rate: 3
2022-08-29 18:52:23.839 [main][6625] DEBUG page_object.Home - Typing the LoanTerm:30
2022-08-29 18:52:23.890 [main][6676] DEBUG page_object.Home - Select the start date month: Sep
2022-08-29 18:52:23.890 [main][6676] DEBUG page_object.Home - Typing the loan start year:2022
2022-08-29 18:52:23.942 [main][6728] DEBUG page_object.Home - Typing the Property Tax:5000
2022-08-29 18:52:23.995 [main][6781] DEBUG page_object.Home - Type the PMI:0.5
2022-08-29 18:52:24.050 [main][6836] DEBUG page_object.Home - Typing the Home Owner Insurance: 1000
2022-08-29 18:52:24.103 [main][6889] DEBUG page_object.Home - Typing the Monthly HOA: 100
2022-08-29 18:52:24.154 [main][6940] DEBUG page_object.Home - Selecting loan type: FHA
2022-08-29 18:52:24.199 [main][6985] DEBUG page_object.Home - Selecting Buy Option: Buy
2022-08-29 18:52:24.221 [main][7007] DEBUG page_object.Home - Clicking on Calculate Button:
2022-08-29 18:52:25.742 [main][8528] DEBUG page_object.Home - Validating Total Monthly Payment is: 1,611.85
2022-08-29 18:52:25.933 [main][8719] INFO  automation_test.mortgage_calculator.CalculateMortgageRate - -------Test: automation_test.mortgage_calculator.CalculateMortgageRate------------
2022-08-29 18:52:26.715 [main][9501] INFO  automation_test.mortgage_calculator.CalculateRealAprRate - -------Test: automation_test.mortgage_calculator.CalculateRealAprRate------------
2022-08-29 18:52:26.715 [main][9501] DEBUG automation_test.mortgage_calculator.CalculateRealAprRate - Opening the URL:https://www.mortgagecalculator.org/
2022-08-29 18:52:29.412 [main][12198] DEBUG page_object.NavigationBar - Mouse Hover To the rates Link
2022-08-29 18:52:29.534 [main][12320] DEBUG page_object.NavigationBar - Clicking on the Real APR Link
2022-08-29 18:52:30.570 [main][13356] DEBUG page_object.RealApr - waiting to the Page to load:
2022-08-29 18:52:30.588 [main][13374] DEBUG page_object.RealApr - Typing Home value: 200000
2022-08-29 18:52:30.655 [main][13441] DEBUG page_object.RealApr - Clicking on the $ as down payment:
2022-08-29 18:52:30.682 [main][13468] DEBUG page_object.RealApr - typing the down payment value:15000
2022-08-29 18:52:30.734 [main][13520] DEBUG page_object.RealApr - typing Interest Rate Value:3
2022-08-29 18:52:30.786 [main][13572] DEBUG page_object.RealApr - click on calculate button:
2022-08-29 18:52:31.721 [main][14507] DEBUG page_object.RealApr - Validate the Real APR Rate is:3.130%
2022-08-29 18:52:31.894 [main][14680] INFO  automation_test.mortgage_calculator.CalculateRealAprRate - -------Test: automation_test.mortgage_calculator.CalculateRealAprRate------------
2022-08-29 18:52:31.903 [main][14689] INFO  api_test.SimpleGetTest - -----------Test: api_test.SimpleGetTest------------
2022-08-29 18:52:32.598 [main][15384] DEBUG api_test.SimpleGetTest - {"page":1,"per_page":6,"total":12,"total_pages":2,"data":[{"id":1,"email":"george.bluth@reqres.in","first_name":"George","last_name":"Bluth","avatar":"https://reqres.in/img/faces/1-image.jpg"},{"id":2,"email":"janet.weaver@reqres.in","first_name":"Janet","last_name":"Weaver","avatar":"https://reqres.in/img/faces/2-image.jpg"},{"id":3,"email":"emma.wong@reqres.in","first_name":"Emma","last_name":"Wong","avatar":"https://reqres.in/img/faces/3-image.jpg"},{"id":4,"email":"eve.holt@reqres.in","first_name":"Eve","last_name":"Holt","avatar":"https://reqres.in/img/faces/4-image.jpg"},{"id":5,"email":"charles.morris@reqres.in","first_name":"Charles","last_name":"Morris","avatar":"https://reqres.in/img/faces/5-image.jpg"},{"id":6,"email":"tracey.ramos@reqres.in","first_name":"Tracey","last_name":"Ramos","avatar":"https://reqres.in/img/faces/6-image.jpg"}],"support":{"url":"https://reqres.in/#support-heading","text":"To keep ReqRes free, contributions towards server costs are appreciated!"}}
2022-08-29 18:52:32.861 [main][15647] INFO  api_test.SimpleGetTest - -----------Test End: api_test.SimpleGetTest---------
2022-08-29 18:52:32.862 [main][15648] INFO  api_test.SimplePostTest - -----------Test: api_test.SimplePostTest------------
2022-08-29 18:52:32.942 [main][15728] DEBUG api_test.SimplePostTest - Name is :Rosaline Simonis V
2022-08-29 18:52:32.942 [main][15728] DEBUG api_test.SimplePostTest - Job is:Human Supervisor
2022-08-29 18:52:33.597 [main][16383] DEBUG api_test.SimplePostTest - {"name":"Rosaline Simonis V","job":"Human Supervisor","id":"150","createdAt":"2022-08-29T22:52:33.444Z"}
2022-08-29 18:52:33.606 [main][16392] INFO  api_test.SimplePostTest - -----------Test End: api_test.SimplePostTest---------
2022-08-29 18:52:33.607 [main][16393] INFO  api_test.SimplePatchTest - -----------Test: api_test.SimplePatchTest------------
2022-08-29 18:52:33.610 [main][16396] DEBUG api_test.SimplePatchTest - Job is:Global Supervisor
2022-08-29 18:52:34.086 [main][16872] DEBUG api_test.SimplePatchTest - {"job":"Global Supervisor","updatedAt":"2022-08-29T22:52:34.017Z"}
2022-08-29 18:52:34.108 [main][16894] INFO  api_test.SimplePatchTest - -----------Test End: api_test.SimplePatchTest---------
2022-08-29 18:52:34.129 [main][16915] INFO  api_test.SimplePutTest - -----------Test: api_test.SimplePutTest------------
2022-08-29 18:52:34.178 [main][16964] DEBUG api_test.SimplePutTest - Name is :Percy Hilll
2022-08-29 18:52:34.178 [main][16964] DEBUG api_test.SimplePutTest - Job is:National Sales Associate
2022-08-29 18:52:34.518 [main][17304] DEBUG api_test.SimplePutTest - {"name":"Percy Hilll","job":"National Sales Associate","updatedAt":"2022-08-29T22:52:34.574Z"}
2022-08-29 18:52:34.524 [main][17310] INFO  api_test.SimplePutTest - -----------Test End: api_test.SimplePutTest---------
2022-08-29 18:52:34.526 [main][17312] INFO  api_test.SimpleDeleteTest - -----------Test: api_test.SimpleDeleteTest------------
2022-08-29 18:52:34.876 [main][17662] INFO  api_test.SimpleDeleteTest - -----------Test End: api_test.SimpleDeleteTest---------
2022-08-29 18:52:34.877 [main][17663] INFO  api_test.GetWithPathVariable - -----------Test: api_test.GetWithPathVariable------------
2022-08-29 18:52:35.237 [main][18023] DEBUG api_test.GetWithPathVariable - {}
2022-08-29 18:52:35.239 [main][18025] INFO  api_test.GetWithPathVariable - -----------Test End: api_test.GetWithPathVariable---------
2022-08-29 18:52:35.240 [main][18026] INFO  api_test.GetWithPathVariable - -----------Test: api_test.GetWithPathVariable------------
2022-08-29 18:52:35.358 [main][18144] DEBUG api_test.GetWithPathVariable - {"data":{"id":2,"email":"janet.weaver@reqres.in","first_name":"Janet","last_name":"Weaver","avatar":"https://reqres.in/img/faces/2-image.jpg"},"support":{"url":"https://reqres.in/#support-heading","text":"To keep ReqRes free, contributions towards server costs are appreciated!"}}
2022-08-29 18:52:35.365 [main][18151] INFO  api_test.GetWithPathVariable - -----------Test End: api_test.GetWithPathVariable---------
2022-08-29 18:52:35.366 [main][18152] INFO  api_test.GetTestWithQueryParameter - -----------Test: api_test.GetTestWithQueryParameter------------
2022-08-29 18:52:35.466 [main][18252] DEBUG api_test.GetTestWithQueryParameter - {"page":2,"per_page":6,"total":12,"total_pages":2,"data":[{"id":7,"email":"michael.lawson@reqres.in","first_name":"Michael","last_name":"Lawson","avatar":"https://reqres.in/img/faces/7-image.jpg"},{"id":8,"email":"lindsay.ferguson@reqres.in","first_name":"Lindsay","last_name":"Ferguson","avatar":"https://reqres.in/img/faces/8-image.jpg"},{"id":9,"email":"tobias.funke@reqres.in","first_name":"Tobias","last_name":"Funke","avatar":"https://reqres.in/img/faces/9-image.jpg"},{"id":10,"email":"byron.fields@reqres.in","first_name":"Byron","last_name":"Fields","avatar":"https://reqres.in/img/faces/10-image.jpg"},{"id":11,"email":"george.edwards@reqres.in","first_name":"George","last_name":"Edwards","avatar":"https://reqres.in/img/faces/11-image.jpg"},{"id":12,"email":"rachel.howell@reqres.in","first_name":"Rachel","last_name":"Howell","avatar":"https://reqres.in/img/faces/12-image.jpg"}],"support":{"url":"https://reqres.in/#support-heading","text":"To keep ReqRes free, contributions towards server costs are appreciated!"}}
2022-08-29 18:52:35.475 [main][18261] INFO  api_test.GetTestWithQueryParameter - -----------Test End: api_test.GetTestWithQueryParameter---------
